e:\alumne\downloads\whitted_ray_tracer_code\raytracer gfx ii\release\vc141.pdb
e:\alumne\downloads\whitted_ray_tracer_code\raytracer gfx ii\release\reader.obj
e:\alumne\downloads\whitted_ray_tracer_code\raytracer gfx ii\release\plane.obj
e:\alumne\downloads\whitted_ray_tracer_code\raytracer gfx ii\release\image.obj
e:\alumne\downloads\whitted_ray_tracer_code\raytracer gfx ii\release\color.obj
e:\alumne\downloads\whitted_ray_tracer_code\raytracer gfx ii\release\triangle.obj
e:\alumne\downloads\whitted_ray_tracer_code\raytracer gfx ii\release\sphere.obj
e:\alumne\downloads\whitted_ray_tracer_code\raytracer gfx ii\release\object.obj
e:\alumne\downloads\whitted_ray_tracer_code\raytracer gfx ii\release\cube.obj
e:\alumne\downloads\whitted_ray_tracer_code\raytracer gfx ii\release\world.obj
e:\alumne\downloads\whitted_ray_tracer_code\raytracer gfx ii\release\raytracer.obj
e:\alumne\downloads\whitted_ray_tracer_code\raytracer gfx ii\release\polygon.obj
e:\alumne\downloads\whitted_ray_tracer_code\raytracer gfx ii\release\appmain.obj
e:\alumne\downloads\whitted_ray_tracer_code\release\raytracer gfx ii.exe
e:\alumne\downloads\whitted_ray_tracer_code\release\raytracer gfx ii.pdb
e:\alumne\downloads\whitted_ray_tracer_code\release\raytracer gfx ii.ipdb
e:\alumne\downloads\whitted_ray_tracer_code\release\raytracer gfx ii.iobj
e:\alumne\downloads\whitted_ray_tracer_code\raytracer gfx ii\release\raytracer gfx ii.tlog\cl.command.1.tlog
e:\alumne\downloads\whitted_ray_tracer_code\raytracer gfx ii\release\raytracer gfx ii.tlog\cl.read.1.tlog
e:\alumne\downloads\whitted_ray_tracer_code\raytracer gfx ii\release\raytracer gfx ii.tlog\cl.write.1.tlog
e:\alumne\downloads\whitted_ray_tracer_code\raytracer gfx ii\release\raytracer gfx ii.tlog\link.command.1.tlog
e:\alumne\downloads\whitted_ray_tracer_code\raytracer gfx ii\release\raytracer gfx ii.tlog\link.read.1.tlog
e:\alumne\downloads\whitted_ray_tracer_code\raytracer gfx ii\release\raytracer gfx ii.tlog\link.write.1.tlog
e:\alumne\downloads\whitted_ray_tracer_code\raytracer gfx ii\release\raytracer gfx ii.tlog\raytracer gfx ii.write.1u.tlog
